#
# There is insufficient memory for the Java Runtime Environment to continue.
# Native memory allocation (malloc) failed to allocate 32744 bytes for ChunkPool::allocate
# Possible reasons:
#   The system is out of physical RAM or swap space
#   In 32 bit mode, the process size limit was hit
# Possible solutions:
#   Reduce memory load on the system
#   Increase physical memory or swap space
#   Check if swap backing store is full
#   Use 64 bit Java on a 64 bit OS
#   Decrease Java heap size (-Xmx/-Xms)
#   Decrease number of Java threads
#   Decrease Java thread stack sizes (-Xss)
#   Set larger code cache with -XX:ReservedCodeCacheSize=
# This output file may be truncated or incomplete.
#
#  Out of Memory Error (allocation.cpp:273), pid=6368, tid=0x00000000000016d0
#
# JRE version: Java(TM) SE Runtime Environment (8.0_112-b15) (build 1.8.0_112-b15)
# Java VM: Java HotSpot(TM) 64-Bit Server VM (25.112-b15 mixed mode windows-amd64 compressed oops)
# Failed to write core dump. Minidumps are not enabled by default on client versions of Windows
#

---------------  T H R E A D  ---------------

Current thread (0x0000000007737000):  JavaThread "C2 CompilerThread1" daemon [_thread_in_native, id=5840, stack(0x0000000008750000,0x0000000008850000)]

Stack: [0x0000000008750000,0x0000000008850000]
[error occurred during error reporting (printing stack bounds), id 0xc0000005]

Native frames: (J=compiled Java code, j=interpreted, Vv=VM code, C=native code)


Current CompileTask:
C2:  40545 3982       4       org.objectweb.asm.ClassWriter::toByteArray (1289 bytes)


---------------  P R O C E S S  ---------------

Java Threads: ( => current thread )
  0x0000000034bab800 JavaThread "Thread-9" [_thread_blocked, id=6072, stack(0x0000000102b90000,0x0000000102c90000)]
  0x0000000034bab000 JavaThread "Thread-8" [_thread_blocked, id=5628, stack(0x0000000102610000,0x0000000102710000)]
  0x0000000009c89000 JavaThread "LWJGL Timer" daemon [_thread_blocked, id=2160, stack(0x00000000256e0000,0x00000000257e0000)]
  0x000000000b6b5000 JavaThread "Thread-6" [_thread_blocked, id=1276, stack(0x0000000025000000,0x0000000025100000)]
  0x000000000bbd6000 JavaThread "Java2D Disposer" daemon [_thread_blocked, id=5512, stack(0x000000000d2b0000,0x000000000d3b0000)]
  0x000000000e559000 JavaThread "Timer hack thread" daemon [_thread_blocked, id=5052, stack(0x000000000a920000,0x000000000aa20000)]
  0x000000001e2b3000 JavaThread "Snooper Timer" daemon [_thread_blocked, id=6532, stack(0x0000000009330000,0x0000000009430000)]
  0x00000000077bc800 JavaThread "Service Thread" daemon [_thread_blocked, id=6748, stack(0x00000000089c0000,0x0000000008ac0000)]
  0x000000000773e000 JavaThread "C1 CompilerThread2" daemon [_thread_blocked, id=2020, stack(0x0000000008880000,0x0000000008980000)]
=>0x0000000007737000 JavaThread "C2 CompilerThread1" daemon [_thread_in_native, id=5840, stack(0x0000000008750000,0x0000000008850000)]
  0x0000000007721800 JavaThread "C2 CompilerThread0" daemon [_thread_in_native, id=6328, stack(0x00000000085e0000,0x00000000086e0000)]
  0x0000000007720000 JavaThread "Attach Listener" daemon [_thread_blocked, id=5228, stack(0x00000000083f0000,0x00000000084f0000)]
  0x000000000771e800 JavaThread "Signal Dispatcher" daemon [_thread_blocked, id=6684, stack(0x00000000081d0000,0x00000000082d0000)]
  0x000000000771d800 JavaThread "Surrogate Locker Thread (Concurrent GC)" daemon [_thread_blocked, id=7000, stack(0x0000000007ff0000,0x00000000080f0000)]
  0x00000000076fe800 JavaThread "Finalizer" daemon [_thread_blocked, id=6288, stack(0x0000000007e10000,0x0000000007f10000)]
  0x00000000076b7800 JavaThread "Reference Handler" daemon [_thread_blocked, id=7060, stack(0x0000000006a30000,0x0000000006b30000)]
  0x000000000223b000 JavaThread "Client thread" [_thread_in_native, id=5048, stack(0x00000000024e0000,0x00000000025e0000)]

Other Threads:
  0x00000000076af800 VMThread [stack: 0x0000000007b70000,0x0000000007c70000] [id=4484]
  0x00000000077cf800 WatcherThread [stack: 0x00000000082f0000,0x00000000083f0000] [id=5532]

VM state:not at safepoint (normal execution)

VM Mutex/Monitor currently owned by a thread: None

Heap:
 par new generation   total 306688K, used 195190K [0x00000000c0000000, 0x00000000d4cc0000, 0x00000000d4cc0000)
  eden space 272640K,  59% used [0x00000000c0000000, 0x00000000c9d5d820, 0x00000000d0a40000)
  from space 34048K, 100% used [0x00000000d2b80000, 0x00000000d4cc0000, 0x00000000d4cc0000)
  to   space 34048K,   0% used [0x00000000d0a40000, 0x00000000d0a40000, 0x00000000d2b80000)
 concurrent mark-sweep generation total 707840K, used 113237K [0x00000000d4cc0000, 0x0000000100000000, 0x0000000100000000)
 Metaspace       used 27647K, capacity 27887K, committed 28128K, reserved 1073152K
  class space    used 3443K, capacity 3538K, committed 3552K, reserved 1048576K

Card table byte_map: [0x0000000003440000,0x0000000003650000] byte_map_base: 0x0000000002e40000

Marking Bits: (CMSBitMap*) 0x00000000022a0588
 Bits: [0x0000000003ae0000, 0x00000000045ad000)

Mod Union Table: (CMSBitMap*) 0x00000000022a0648
 Bits: [0x0000000000150000, 0x000000000017b340)

Polling page: 0x0000000000110000

CodeCache: size=245760Kb used=11863Kb max_used=12076Kb free=233896Kb
 bounds [0x000000000f010000, 0x000000000fbf0000, 0x000000001e010000]
 total_blobs=3746 nmethods=3100 adapters=558
 compilation: enabled

Compilation events (10 events):
Event: 37.447 Thread 0x0000000007721800 3981       4       java.lang.ClassLoader::checkName (43 bytes)
Event: 37.451 Thread 0x0000000007721800 nmethod 3981 0x000000000f935890 code [0x000000000f9359e0, 0x000000000f935c38]
Event: 37.455 Thread 0x0000000007737000 3982       4       org.objectweb.asm.ClassWriter::toByteArray (1289 bytes)
Event: 37.461 Thread 0x0000000007721800 3983       4       org.objectweb.asm.tree.MethodNode::visitTypeInsn (17 bytes)
Event: 37.463 Thread 0x0000000007721800 nmethod 3983 0x000000000f96ed10 code [0x000000000f96ee60, 0x000000000f96efb8]
Event: 38.491 Thread 0x000000000773e000 3984       3       net.minecraft.client.model.PositionTextureVertex::setTexturePosition (11 bytes)
Event: 38.491 Thread 0x000000000773e000 nmethod 3984 0x000000000f6c8050 code [0x000000000f6c81c0, 0x000000000f6c8450]
Event: 38.491 Thread 0x000000000773e000 3985       3       net.minecraft.client.model.PositionTextureVertex::<init> (23 bytes)
Event: 38.492 Thread 0x000000000773e000 nmethod 3985 0x000000000f125550 code [0x000000000f1256c0, 0x000000000f125890]
Event: 38.492 Thread 0x000000000773e000 3986       3       net.minecraft.client.model.PositionTextureVertex::<init> (18 bytes)

GC Heap History (10 events):
Event: 6.625 GC heap before
{Heap before GC invocations=1 (full 2):
 par new generation   total 306688K, used 272640K [0x00000000c0000000, 0x00000000d4cc0000, 0x00000000d4cc0000)
  eden space 272640K, 100% used [0x00000000c0000000, 0x00000000d0a40000, 0x00000000d0a40000)
  from space 34048K,   0% used [0x00000000d0a40000, 0x00000000d0a40000, 0x00000000d2b80000)
  to   space 34048K,   0% used [0x00000000d2b80000, 0x00000000d2b80000, 0x00000000d4cc0000)
 concurrent mark-sweep generation total 707840K, used 5332K [0x00000000d4cc0000, 0x0000000100000000, 0x0000000100000000)
 Metaspace       used 17879K, capacity 18146K, committed 18432K, reserved 1064960K
  class space    used 2158K, capacity 2245K, committed 2304K, reserved 1048576K
Event: 6.647 GC heap after
Heap after GC invocations=2 (full 2):
 par new generation   total 306688K, used 23717K [0x00000000c0000000, 0x00000000d4cc0000, 0x00000000d4cc0000)
  eden space 272640K,   0% used [0x00000000c0000000, 0x00000000c0000000, 0x00000000d0a40000)
  from space 34048K,  69% used [0x00000000d2b80000, 0x00000000d42a9468, 0x00000000d4cc0000)
  to   space 34048K,   0% used [0x00000000d0a40000, 0x00000000d0a40000, 0x00000000d2b80000)
 concurrent mark-sweep generation total 707840K, used 5332K [0x00000000d4cc0000, 0x0000000100000000, 0x0000000100000000)
 Metaspace       used 17879K, capacity 18146K, committed 18432K, reserved 1064960K
  class space    used 2158K, capacity 2245K, committed 2304K, reserved 1048576K
}
Event: 12.325 GC heap before
{Heap before GC invocations=2 (full 2):
 par new generation   total 306688K, used 296357K [0x00000000c0000000, 0x00000000d4cc0000, 0x00000000d4cc0000)
  eden space 272640K, 100% used [0x00000000c0000000, 0x00000000d0a40000, 0x00000000d0a40000)
  from space 34048K,  69% used [0x00000000d2b80000, 0x00000000d42a9468, 0x00000000d4cc0000)
  to   space 34048K,   0% used [0x00000000d0a40000, 0x00000000d0a40000, 0x00000000d2b80000)
 concurrent mark-sweep generation total 707840K, used 5332K [0x00000000d4cc0000, 0x0000000100000000, 0x0000000100000000)
 Metaspace       used 24227K, capacity 24487K, committed 24872K, reserved 1071104K
  class space    used 3035K, capacity 3112K, committed 3168K, reserved 1048576K
Event: 12.389 GC heap after
Heap after GC invocations=3 (full 2):
 par new generation   total 306688K, used 14405K [0x00000000c0000000, 0x00000000d4cc0000, 0x00000000d4cc0000)
  eden space 272640K,   0% used [0x00000000c0000000, 0x00000000c0000000, 0x00000000d0a40000)
  from space 34048K,  42% used [0x00000000d0a40000, 0x00000000d18517c8, 0x00000000d2b80000)
  to   space 34048K,   0% used [0x00000000d2b80000, 0x00000000d2b80000, 0x00000000d4cc0000)
 concurrent mark-sweep generation total 707840K, used 25477K [0x00000000d4cc0000, 0x0000000100000000, 0x0000000100000000)
 Metaspace       used 24227K, capacity 24487K, committed 24872K, reserved 1071104K
  class space    used 3035K, capacity 3112K, committed 3168K, reserved 1048576K
}
Event: 17.498 GC heap before
{Heap before GC invocations=3 (full 2):
 par new generation   total 306688K, used 287045K [0x00000000c0000000, 0x00000000d4cc0000, 0x00000000d4cc0000)
  eden space 272640K, 100% used [0x00000000c0000000, 0x00000000d0a40000, 0x00000000d0a40000)
  from space 34048K,  42% used [0x00000000d0a40000, 0x00000000d18517c8, 0x00000000d2b80000)
  to   space 34048K,   0% used [0x00000000d2b80000, 0x00000000d2b80000, 0x00000000d4cc0000)
 concurrent mark-sweep generation total 707840K, used 22641K [0x00000000d4cc0000, 0x0000000100000000, 0x0000000100000000)
 Metaspace       used 24552K, capacity 24743K, committed 25204K, reserved 1071104K
  class space    used 3062K, capacity 3112K, committed 3168K, reserved 1048576K
Event: 17.560 GC heap after
Heap after GC invocations=4 (full 2):
 par new generation   total 306688K, used 34048K [0x00000000c0000000, 0x00000000d4cc0000, 0x00000000d4cc0000)
  eden space 272640K,   0% used [0x00000000c0000000, 0x00000000c0000000, 0x00000000d0a40000)
  from space 34048K, 100% used [0x00000000d2b80000, 0x00000000d4cc0000, 0x00000000d4cc0000)
  to   space 34048K,   0% used [0x00000000d0a40000, 0x00000000d0a40000, 0x00000000d2b80000)
 concurrent mark-sweep generation total 707840K, used 46253K [0x00000000d4cc0000, 0x0000000100000000, 0x0000000100000000)
 Metaspace       used 24552K, capacity 24743K, committed 25204K, reserved 1071104K
  class space    used 3062K, capacity 3112K, committed 3168K, reserved 1048576K
}
Event: 21.410 GC heap before
{Heap before GC invocations=4 (full 3):
 par new generation   total 306688K, used 306688K [0x00000000c0000000, 0x00000000d4cc0000, 0x00000000d4cc0000)
  eden space 272640K, 100% used [0x00000000c0000000, 0x00000000d0a40000, 0x00000000d0a40000)
  from space 34048K, 100% used [0x00000000d2b80000, 0x00000000d4cc0000, 0x00000000d4cc0000)
  to   space 34048K,   0% used [0x00000000d0a40000, 0x00000000d0a40000, 0x00000000d2b80000)
 concurrent mark-sweep generation total 707840K, used 46253K [0x00000000d4cc0000, 0x0000000100000000, 0x0000000100000000)
 Metaspace       used 24577K, capacity 24743K, committed 25204K, reserved 1071104K
  class space    used 3063K, capacity 3112K, committed 3168K, reserved 1048576K
Event: 21.515 GC heap after
Heap after GC invocations=5 (full 3):
 par new generation   total 306688K, used 34048K [0x00000000c0000000, 0x00000000d4cc0000, 0x00000000d4cc0000)
  eden space 272640K,   0% used [0x00000000c0000000, 0x00000000c0000000, 0x00000000d0a40000)
  from space 34048K, 100% used [0x00000000d0a40000, 0x00000000d2b80000, 0x00000000d2b80000)
  to   space 34048K,   0% used [0x00000000d2b80000, 0x00000000d2b80000, 0x00000000d4cc0000)
 concurrent mark-sweep generation total 707840K, used 115717K [0x00000000d4cc0000, 0x0000000100000000, 0x0000000100000000)
 Metaspace       used 24577K, capacity 24743K, committed 25204K, reserved 1071104K
  class space    used 3063K, capacity 3112K, committed 3168K, reserved 1048576K
}
Event: 24.982 GC heap before
{Heap before GC invocations=5 (full 3):
 par new generation   total 306688K, used 306688K [0x00000000c0000000, 0x00000000d4cc0000, 0x00000000d4cc0000)
  eden space 272640K, 100% used [0x00000000c0000000, 0x00000000d0a40000, 0x00000000d0a40000)
  from space 34048K, 100% used [0x00000000d0a40000, 0x00000000d2b80000, 0x00000000d2b80000)
  to   space 34048K,   0% used [0x00000000d2b80000, 0x00000000d2b80000, 0x00000000d4cc0000)
 concurrent mark-sweep generation total 707840K, used 115717K [0x00000000d4cc0000, 0x0000000100000000, 0x0000000100000000)
 Metaspace       used 26181K, capacity 26439K, committed 26720K, reserved 1073152K
  class space    used 3278K, capacity 3400K, committed 3424K, reserved 1048576K
Event: 25.052 GC heap after
Heap after GC invocations=6 (full 3):
 par new generation   total 306688K, used 34048K [0x00000000c0000000, 0x00000000d4cc0000, 0x00000000d4cc0000)
  eden space 272640K,   0% used [0x00000000c0000000, 0x00000000c0000000, 0x00000000d0a40000)
  from space 34048K, 100% used [0x00000000d2b80000, 0x00000000d4cc0000, 0x00000000d4cc0000)
  to   space 34048K,   0% used [0x00000000d0a40000, 0x00000000d0a40000, 0x00000000d2b80000)
 concurrent mark-sweep generation total 707840K, used 135515K [0x00000000d4cc0000, 0x0000000100000000, 0x0000000100000000)
 Metaspace       used 26181K, capacity 26439K, committed 26720K, reserved 1073152K
  class space    used 3278K, capacity 3400K, committed 3424K, reserved 1048576K
}

Deoptimization events (10 events):
Event: 26.125 Thread 0x000000000223b000 Uncommon trap: reason=unstable_if action=reinterpret pc=0x000000000f941380 method=org.objectweb.asm.MethodWriter.visitFieldInsn(ILjava/lang/String;Ljava/lang/String;Ljava/lang/String;)V @ 28
Event: 26.126 Thread 0x000000000223b000 Uncommon trap: reason=unstable_if action=reinterpret pc=0x000000000f8efe7c method=org.objectweb.asm.MethodWriter.visitInsn(I)V @ 24
Event: 26.126 Thread 0x000000000223b000 Uncommon trap: reason=unstable_if action=reinterpret pc=0x000000000f77b2f0 method=org.objectweb.asm.MethodWriter.visitMaxs(II)V @ 627
Event: 26.126 Thread 0x000000000223b000 Uncommon trap: reason=unstable_if action=reinterpret pc=0x000000000f9c0eb4 method=org.objectweb.asm.MethodWriter.visitTypeInsn(ILjava/lang/String;)V @ 24
Event: 26.324 Thread 0x0000000034ba9800 Uncommon trap: reason=bimorphic action=maybe_recompile pc=0x000000000f42fb70 method=java.net.URL.<init>(Ljava/net/URL;Ljava/lang/String;Ljava/net/URLStreamHandler;)V @ 504
Event: 26.381 Thread 0x0000000034ba9800 Uncommon trap: reason=unstable_if action=reinterpret pc=0x000000000f36a520 method=java.net.URI.match(CJJ)Z @ 45
Event: 27.565 Thread 0x0000000034ba9800 Uncommon trap: reason=unstable_if action=reinterpret pc=0x000000000f928b40 method=sun.net.www.MessageHeader.grow()V @ 4
Event: 31.249 Thread 0x000000000223b000 Uncommon trap: reason=unstable_if action=reinterpret pc=0x000000000fa39758 method=org.lwjgl.opengl.GLContext.getCapabilitiesImpl()Lorg/lwjgl/opengl/ContextCapabilities; @ 11
Event: 32.694 Thread 0x000000000223b000 Uncommon trap: reason=unstable_if action=reinterpret pc=0x000000000f3af250 method=com.sun.imageio.plugins.png.PNGImageReader.paethPredictor(III)I @ 41
Event: 35.427 Thread 0x0000000034baa000 Uncommon trap: reason=bimorphic action=maybe_recompile pc=0x000000000f123264 method=java.util.HashMap.removeNode(ILjava/lang/Object;Ljava/lang/Object;ZZ)Ljava/util/HashMap$Node; @ 283

Internal exceptions (10 events):
Event: 26.736 Thread 0x0000000034bab000 Exception <a 'org/lwjgl/LWJGLException'> (0x00000000c3d24ac8) thrown at [C:\re\workspace\8-2-build-windows-amd64-cygwin\jdk8u112\7884\hotspot\src\share\vm\prims\jni.cpp, line 709]
Event: 26.736 Thread 0x0000000034bab000 Exception <a 'org/lwjgl/LWJGLException'> (0x00000000c3d24fc0) thrown at [C:\re\workspace\8-2-build-windows-amd64-cygwin\jdk8u112\7884\hotspot\src\share\vm\prims\jni.cpp, line 709]
Event: 26.736 Thread 0x0000000034bab000 Exception <a 'org/lwjgl/LWJGLException'> (0x00000000c3d25488) thrown at [C:\re\workspace\8-2-build-windows-amd64-cygwin\jdk8u112\7884\hotspot\src\share\vm\prims\jni.cpp, line 709]
Event: 26.736 Thread 0x0000000034bab000 Exception <a 'org/lwjgl/LWJGLException'> (0x00000000c3d259d0) thrown at [C:\re\workspace\8-2-build-windows-amd64-cygwin\jdk8u112\7884\hotspot\src\share\vm\prims\jni.cpp, line 709]
Event: 26.736 Thread 0x0000000034bab000 Exception <a 'org/lwjgl/LWJGLException'> (0x00000000c3d25fa8) thrown at [C:\re\workspace\8-2-build-windows-amd64-cygwin\jdk8u112\7884\hotspot\src\share\vm\prims\jni.cpp, line 709]
Event: 26.736 Thread 0x0000000034bab000 Exception <a 'org/lwjgl/LWJGLException'> (0x00000000c3d26570) thrown at [C:\re\workspace\8-2-build-windows-amd64-cygwin\jdk8u112\7884\hotspot\src\share\vm\prims\jni.cpp, line 709]
Event: 26.736 Thread 0x0000000034bab000 Exception <a 'org/lwjgl/LWJGLException'> (0x00000000c3d26ad8) thrown at [C:\re\workspace\8-2-build-windows-amd64-cygwin\jdk8u112\7884\hotspot\src\share\vm\prims\jni.cpp, line 709]
Event: 26.737 Thread 0x0000000034bab000 Exception <a 'org/lwjgl/LWJGLException'> (0x00000000c3d27180) thrown at [C:\re\workspace\8-2-build-windows-amd64-cygwin\jdk8u112\7884\hotspot\src\share\vm\prims\jni.cpp, line 709]
Event: 27.418 Thread 0x0000000034bab000 Exception <a 'java/lang/InterruptedException': sleep interrupted> (0x00000000c3d92e00) thrown at [C:\re\workspace\8-2-build-windows-amd64-cygwin\jdk8u112\7884\hotspot\src\share\vm\prims\jvm.cpp, line 3180]
Event: 27.418 Thread 0x0000000034bab000 Exception <a 'java/lang/InterruptedException': sleep interrupted> (0x00000000c3d93058) thrown at [C:\re\workspace\8-2-build-windows-amd64-cygwin\jdk8u112\7884\hotspot\src\share\vm\prims\jvm.cpp, line 3228]

Events (10 events):
Event: 37.460 loading class net/minecraft/client/model/ModelBox
Event: 37.460 loading class net/minecraft/client/model/ModelBox done
Event: 37.463 loading class net/minecraft/client/model/PositionTextureVertex
Event: 37.463 loading class net/minecraft/client/model/PositionTextureVertex done
Event: 37.465 loading class net/minecraft/client/model/TexturedQuad
Event: 37.465 loading class net/minecraft/client/model/TexturedQuad done
Event: 38.488 loading class net/minecraft/util/Vec3
Event: 38.488 loading class net/minecraft/util/Vec3 done
Event: 38.492 loading class net/minecraft/client/renderer/entity/RenderPig
Event: 38.492 loading class net/minecraft/client/renderer/entity/RenderPig done


Dynamic libraries:
0x000000013ffd0000 - 0x0000000140007000 	C:\Program Files\Java\jre1.8.0_112\bin\javaw.exe
0x0000000077b00000 - 0x0000000077ca9000 	C:\windows\SYSTEM32\ntdll.dll
0x0000000077790000 - 0x00000000778af000 	C:\windows\system32\kernel32.dll
0x000007fefe010000 - 0x000007fefe07c000 	C:\windows\system32\KERNELBASE.dll
0x000007fefe7d0000 - 0x000007fefe8ab000 	C:\windows\system32\ADVAPI32.dll
0x000007fefeb60000 - 0x000007fefebff000 	C:\windows\system32\msvcrt.dll
0x000007fefe3b0000 - 0x000007fefe3cf000 	C:\windows\SYSTEM32\sechost.dll
0x000007fefe950000 - 0x000007fefea7d000 	C:\windows\system32\RPCRT4.dll
0x00000000778b0000 - 0x00000000779aa000 	C:\windows\system32\USER32.dll
0x000007fefeff0000 - 0x000007feff057000 	C:\windows\system32\GDI32.dll
0x000007fefe7c0000 - 0x000007fefe7ce000 	C:\windows\system32\LPK.dll
0x000007fefe3d0000 - 0x000007fefe499000 	C:\windows\system32\USP10.dll
0x000007fefc860000 - 0x000007fefca54000 	C:\windows\WinSxS\amd64_microsoft.windows.common-controls_6595b64144ccf1df_6.0.7601.17514_none_fa396087175ac9ac\COMCTL32.dll
0x000007fefec00000 - 0x000007fefec71000 	C:\windows\system32\SHLWAPI.dll
0x000007fefe6f0000 - 0x000007fefe71e000 	C:\windows\system32\IMM32.DLL
0x000007fefeee0000 - 0x000007fefefe9000 	C:\windows\system32\MSCTF.dll
0x000007fefdf20000 - 0x000007fefdf5c000 	C:\windows\system32\nvinitx.dll
0x000000000f000000 - 0x000000000f006000 	C:\Program Files\NVIDIA Corporation\CoProcManager\_etoured.dll
0x000007fefa510000 - 0x000007fefa554000 	C:\Program Files\NVIDIA Corporation\CoProcManager\nvd3d9wrapx.dll
0x000007fefe4b0000 - 0x000007fefe687000 	C:\windows\system32\SETUPAPI.dll
0x000007fefe080000 - 0x000007fefe0b6000 	C:\windows\system32\CFGMGR32.dll
0x000007fefea80000 - 0x000007fefeb57000 	C:\windows\system32\OLEAUT32.dll
0x000007fefec80000 - 0x000007fefee83000 	C:\windows\system32\ole32.dll
0x000007fefe0c0000 - 0x000007fefe0da000 	C:\windows\system32\DEVOBJ.dll
0x000007fefa4c0000 - 0x000007fefa502000 	C:\Program Files\NVIDIA Corporation\CoProcManager\nvdxgiwrapx.dll
0x0000000074db0000 - 0x0000000074e82000 	C:\Program Files\Java\jre1.8.0_112\bin\msvcr100.dll
0x0000000053df0000 - 0x000000005468a000 	C:\Program Files\Java\jre1.8.0_112\bin\server\jvm.dll
0x000007fef37e0000 - 0x000007fef37e9000 	C:\windows\system32\WSOCK32.dll
0x000007fefee90000 - 0x000007fefeedd000 	C:\windows\system32\WS2_32.dll
0x000007fefe4a0000 - 0x000007fefe4a8000 	C:\windows\system32\NSI.dll
0x000007fefa3e0000 - 0x000007fefa41b000 	C:\windows\system32\WINMM.dll
0x000007fefce60000 - 0x000007fefce6c000 	C:\windows\system32\VERSION.dll
0x0000000077cd0000 - 0x0000000077cd7000 	C:\windows\system32\PSAPI.DLL
0x00000000748c0000 - 0x00000000748cf000 	C:\Program Files\Java\jre1.8.0_112\bin\verify.dll
0x0000000068240000 - 0x0000000068269000 	C:\Program Files\Java\jre1.8.0_112\bin\java.dll
0x00000000748a0000 - 0x00000000748b6000 	C:\Program Files\Java\jre1.8.0_112\bin\zip.dll
0x000007feff080000 - 0x000007feffe08000 	C:\windows\system32\SHELL32.dll
0x000007fefdf60000 - 0x000007fefdf6f000 	C:\windows\system32\profapi.dll
0x0000000074ea0000 - 0x0000000074ead000 	C:\Program Files\Java\jre1.8.0_112\bin\management.dll
0x0000000068220000 - 0x000000006823a000 	C:\Program Files\Java\jre1.8.0_112\bin\net.dll
0x000007fefd790000 - 0x000007fefd7e5000 	C:\windows\system32\mswsock.dll
0x000007fefd780000 - 0x000007fefd787000 	C:\windows\System32\wship6.dll
0x0000000068200000 - 0x0000000068211000 	C:\Program Files\Java\jre1.8.0_112\bin\nio.dll
0x000007fefb9c0000 - 0x000007fefb9d5000 	C:\windows\system32\NLAapi.dll
0x000007fef58e0000 - 0x000007fef58f5000 	C:\windows\system32\napinsp.dll
0x000007fef58c0000 - 0x000007fef58d9000 	C:\windows\system32\pnrpnsp.dll
0x000007fefd610000 - 0x000007fefd66b000 	C:\windows\system32\DNSAPI.dll
0x000007fef58b0000 - 0x000007fef58bb000 	C:\windows\System32\winrnr.dll
0x000007fef5e60000 - 0x000007fef5e8f000 	C:\Program Files\Common Files\Microsoft Shared\Windows Live\WLIDNSP.DLL
0x000007fef58a0000 - 0x000007fef58b0000 	C:\windows\system32\wshbth.dll
0x000007fefd0e0000 - 0x000007fefd0e7000 	C:\windows\System32\wshtcpip.dll
0x000007fefaac0000 - 0x000007fefaae7000 	C:\windows\system32\IPHLPAPI.DLL
0x000007fefaaa0000 - 0x000007fefaaab000 	C:\windows\system32\WINNSI.DLL
0x000007fefbd10000 - 0x000007fefbd18000 	C:\windows\system32\rasadhlp.dll
0x000007fefa920000 - 0x000007fefa973000 	C:\windows\System32\fwpuclnt.dll
0x0000000180000000 - 0x0000000180051000 	C:\Users\pc\.gradle\caches\minecraft\net\minecraft\minecraft_natives\1.7.10\lwjgl64.dll
0x000007fef8040000 - 0x000007fef815d000 	C:\windows\system32\OPENGL32.dll
0x000007fef9020000 - 0x000007fef904d000 	C:\windows\system32\GLU32.dll
0x000007fef7f40000 - 0x000007fef8031000 	C:\windows\system32\DDRAW.dll
0x000007fef8830000 - 0x000007fef8838000 	C:\windows\system32\DCIMAN32.dll
0x000007fefc0b0000 - 0x000007fefc0c8000 	C:\windows\system32\dwmapi.dll
0x000007fefd7f0000 - 0x000007fefd807000 	C:\windows\system32\CRYPTSP.dll
0x000007fefd4f0000 - 0x000007fefd537000 	C:\windows\system32\rsaenh.dll
0x000007fefd220000 - 0x000007fefd23e000 	C:\windows\system32\USERENV.dll
0x000007fefde50000 - 0x000007fefde5f000 	C:\windows\system32\CRYPTBASE.dll
0x000007fefa680000 - 0x000007fefa698000 	C:\windows\system32\dhcpcsvc.DLL
0x000007fefa660000 - 0x000007fefa671000 	C:\windows\system32\dhcpcsvc6.DLL
0x0000000073220000 - 0x00000000733b8000 	C:\Program Files\Java\jre1.8.0_112\bin\awt.dll
0x000007fefc4e0000 - 0x000007fefc536000 	C:\windows\system32\uxtheme.dll
0x000007fefe2f0000 - 0x000007fefe32a000 	C:\windows\system32\WINTRUST.dll
0x000007fefe180000 - 0x000007fefe2e7000 	C:\windows\system32\CRYPT32.dll
0x0000000000190000 - 0x000000000019f000 	C:\windows\system32\MSASN1.dll
0x0000000069500000 - 0x000000006a8b2000 	C:\windows\system32\nvoglv64.DLL
0x000007fefa420000 - 0x000007fefa4bc000 	C:\windows\system32\mscms.dll
0x000007fef54a0000 - 0x000007fef54e2000 	C:\windows\system32\icm32.dll
0x0000000021b10000 - 0x0000000022271000 	C:\windows\system32\igd10umd64.dll
0x0000000070a40000 - 0x0000000070adc000 	C:\Users\pc\.gradle\caches\minecraft\net\minecraft\minecraft_natives\1.7.10\avutil-ttv-51.dll
0x0000000065980000 - 0x00000000659d6000 	C:\Users\pc\.gradle\caches\minecraft\net\minecraft\minecraft_natives\1.7.10\swresample-ttv-0.dll
0x000000006eb80000 - 0x000000006ec50000 	C:\Users\pc\.gradle\caches\minecraft\net\minecraft\minecraft_natives\1.7.10\libmp3lame-ttv.dll
0x000007fee33d0000 - 0x000007fee4774000 	C:\Users\pc\.gradle\caches\minecraft\net\minecraft\minecraft_natives\1.7.10\libmfxsw64.dll
0x000007fee5270000 - 0x000007fee539b000 	C:\Users\pc\.gradle\caches\minecraft\net\minecraft\minecraft_natives\1.7.10\twitchsdk.dll
0x0000000077630000 - 0x000000007778a000 	C:\windows\system32\WININET.dll
0x0000000077cc0000 - 0x0000000077cc3000 	C:\windows\system32\Normaliz.dll
0x0000000077420000 - 0x000000007762f000 	C:\windows\system32\iertutil.dll
0x00000000779b0000 - 0x0000000077afd000 	C:\windows\system32\urlmon.dll
0x0000000007f10000 - 0x0000000007f74000 	C:\Users\pc\.gradle\caches\minecraft\net\minecraft\minecraft_natives\1.7.10\OpenAL64.dll
0x000007fefe8b0000 - 0x000007fefe949000 	C:\windows\system32\CLBCatQ.DLL
0x000007fefc0d0000 - 0x000007fefc11b000 	C:\windows\System32\MMDevApi.dll
0x000007fefc540000 - 0x000007fefc66c000 	C:\windows\System32\PROPSYS.dll
0x000007fef8840000 - 0x000007fef88c8000 	C:\windows\system32\dsound.dll
0x000007fefbae0000 - 0x000007fefbb0c000 	C:\windows\system32\POWRPROF.dll
0x000007fef7ef0000 - 0x000007fef7f3f000 	C:\windows\system32\AUDIOSES.DLL

VM Arguments:
jvm_args: -Xincgc -Xmx1024M -Xms1024M -Dfile.encoding=Cp1252 
java_command: GradleStart
java_class_path (initial): C:\Users\pc\Documents\GitHub\WhaleOres\whaleores\bin;C:\Users\pc\.gradle\caches\minecraft\net\minecraftforge\forge\1.7.10-10.13.4.1558-1.7.10\forgeSrc-1.7.10-10.13.4.1558-1.7.10.jar;C:\Users\pc\.gradle\caches\modules-2\files-2.1\net.minecraft\launchwrapper\1.12\111e7bea9c968cdb3d06ef4632bf7ff0824d0f36\launchwrapper-1.12.jar;C:\Users\pc\.gradle\caches\modules-2\files-2.1\com.google.code.findbugs\jsr305\1.3.9\40719ea6961c0cb6afaeb6a921eaa1f6afd4cfdf\jsr305-1.3.9.jar;C:\Users\pc\.gradle\caches\modules-2\files-2.1\org.ow2.asm\asm-debug-all\5.0.3\f9e364ae2a66ce2a543012a4668856e84e5dab74\asm-debug-all-5.0.3.jar;C:\Users\pc\.gradle\caches\modules-2\files-2.1\com.typesafe.akka\akka-actor_2.11\2.3.3\ed62e9fc709ca0f2ff1a3220daa8b70a2870078e\akka-actor_2.11-2.3.3.jar;C:\Users\pc\.gradle\caches\modules-2\files-2.1\com.typesafe\config\1.2.1\f771f71fdae3df231bcd54d5ca2d57f0bf93f467\config-1.2.1.jar;C:\Users\pc\.gradle\caches\modules-2\files-2.1\org.scala-lang\scala-actors-migration_2.11\1.1.0\dfa8bc42b181d5b9f1a5dd147f8ae308b893eb6f\scala-actors-migration_2.11-1.1.0.jar;C:\Users\pc\.gradle\caches\modules-2\files-2.1\org.scala-lang\scala-compiler\2.11.1\56ea2e6c025e0821f28d73ca271218b8dd04926a\scala-compiler-2.11.1.jar;C:\Users\pc\.gradle\caches\modules-2\files-2.1\org.scala-lang.plugins\scala-continuations-library_2.11\1.0.2\e517c53a7e9acd6b1668c5a35eccbaa3bab9aac\scala-continuations-library_2.11-1.0.2.jar;C:\Users\pc\.gradle\caches\modules-2\files-2.1\org.scala-lang.plugins\scala-continuations-plugin_2.11.1\1.0.2\f361a3283452c57fa30c1ee69448995de23c60f7\scala-continuations-plugin_2.11.1-1.0.2.jar;C:\Users\pc\.gradle\caches\modules-2\files-2.1\org.scala-lang\scala-library\2.11.1\e11da23da3eabab9f4777b9220e60d44c1aab6a\scala-library-2.11.1.jar;C:\Users\pc\.gradle\caches\modules-2\files-2.1\org.scala-lang\scala-parser-combinators_2.11\1.0.1\f05d7345bf5a58924f2837c6c1f4d73a938e1ff0\scala-parser-combinators_2.11-1.0.1.jar;C:\Users\pc\.gradle\caches\module
Launcher Type: SUN_STANDARD

Environment Variables:
PATH=C:/Program Files/Java/jre1.8.0_112/bin/server;C:/Program Files/Java/jre1.8.0_112/bin;C:/Program Files/Java/jre1.8.0_112/lib/amd64;C:\ProgramData\Oracle\Java\javapath;C:\Program Files\Common Files\Microsoft Shared\Windows Live;C:\Program Files (x86)\Common Files\Microsoft Shared\Windows Live;C:\windows\system32;C:\windows;C:\windows\System32\Wbem;C:\windows\System32\WindowsPowerShell\v1.0\;C:\Program Files (x86)\Windows Live\Shared;C:\Program Files\Git\cmd;C:\Users\pc\AppData\Roaming\Microsoft\Windows\Start Menu\Programs\Eclipse;
USERNAME=pc
OS=Windows_NT
PROCESSOR_IDENTIFIER=Intel64 Family 6 Model 42 Stepping 7, GenuineIntel



---------------  S Y S T E M  ---------------

OS: Windows 7 , 64 bit Build 7601 (6.1.7601.17651)

CPU:total 4 (2 cores per cpu, 2 threads per core) family 6 model 42 stepping 7, cmov, cx8, fxsr, mmx, sse, sse2, sse3, ssse3, sse4.1, sse4.2, popcnt, avx, clmul, ht, tsc, tscinvbit

Memory: 4k page, physical 4105776k(348216k free), swap 8209704k(4488k free)

vm_info: Java HotSpot(TM) 64-Bit Server VM (25.112-b15) for windows-amd64 JRE (1.8.0_112-b15), built on Sep 22 2016 21:31:56 by "java_re" with MS VC++ 10.0 (VS2010)

time: Tue Jan 03 18:10:09 2017
elapsed time: 40 seconds (0d 0h 0m 40s)

